[03Jan2025 00:10:08.643] [Server thread/INFO] [net.minecraft.server.MinecraftServer/]: Unknown or incomplete command, see below for error
[03Jan2025 00:10:08.646] [Server thread/INFO] [net.minecraft.server.MinecraftServer/]: a<--[HERE]
[03Jan2025 00:18:12.425] [Server thread/WARN] [net.minecraft.server.MinecraftServer/]: Can't keep up! Is the server overloaded? Running 2009ms or 40 ticks behind
[03Jan2025 00:18:29.563] [Server thread/WARN] [net.minecraft.server.MinecraftServer/]: Can't keep up! Is the server overloaded? Running 2147ms or 42 ticks behind
[03Jan2025 00:18:47.012] [Server thread/WARN] [net.minecraft.server.MinecraftServer/]: Can't keep up! Is the server overloaded? Running 2496ms or 49 ticks behind
[03Jan2025 00:19:05.202] [Server thread/WARN] [net.minecraft.server.MinecraftServer/]: Can't keep up! Is the server overloaded? Running 3236ms or 64 ticks behind
[03Jan2025 00:19:22.790] [Server thread/WARN] [net.minecraft.server.MinecraftServer/]: Can't keep up! Is the server overloaded? Running 2624ms or 52 ticks behind
[03Jan2025 00:19:41.408] [Server thread/WARN] [net.minecraft.server.MinecraftServer/]: Can't keep up! Is the server overloaded? Running 3642ms or 72 ticks behind
[03Jan2025 00:19:59.693] [Server thread/WARN] [net.minecraft.server.MinecraftServer/]: Can't keep up! Is the server overloaded? Running 3327ms or 66 ticks behind
[03Jan2025 00:20:17.622] [Server thread/WARN] [net.minecraft.server.MinecraftServer/]: Can't keep up! Is the server overloaded? Running 2956ms or 59 ticks behind
[03Jan2025 00:20:36.778] [Server thread/WARN] [net.minecraft.server.MinecraftServer/]: Can't keep up! Is the server overloaded? Running 2012ms or 40 ticks behind
[03Jan2025 00:21:01.633] [Server thread/WARN] [net.minecraft.server.MinecraftServer/]: Can't keep up! Is the server overloaded? Running 2017ms or 40 ticks behind
[03Jan2025 00:49:43.543] [Server thread/INFO] [net.minecraft.server.MinecraftServer/]: <Uskilla> q es eso
[03Jan2025 00:49:47.014] [Server thread/INFO] [net.minecraft.server.MinecraftServer/]: <Lait_Estrok> NOSE
[03Jan2025 00:49:52.249] [Server thread/INFO] [net.minecraft.server.MinecraftServer/]: <Lait_Estrok> pero sera algo
[03Jan2025 00:49:55.309] [Server thread/INFO] [net.minecraft.server.MinecraftServer/]: <Lait_Estrok> ya se me ocurrira
[03Jan2025 00:50:00.732] [Server thread/INFO] [net.minecraft.server.MinecraftServer/]: <Uskilla> ñao ñao
[03Jan2025 00:50:16.039] [Server thread/INFO] [net.minecraft.server.MinecraftServer/]: <Uskilla> ponlo por tu jato
[03Jan2025 00:50:19.405] [Server thread/INFO] [net.minecraft.server.MinecraftServer/]: <Lait_Estrok> ya
[03Jan2025 00:58:41.543] [Server thread/INFO] [net.minecraft.server.MinecraftServer/]: Lait_Estrok has made the advancement [Armor Alteration]
[03Jan2025 01:22:23.187] [Server thread/INFO] [net.minecraft.server.MinecraftServer/]: Unknown or incomplete command, see below for error
[03Jan2025 01:22:23.210] [Server thread/INFO] [net.minecraft.server.MinecraftServer/]: a<--[HERE]
[03Jan2025 01:44:47.865] [Server thread/WARN] [net.minecraft.server.network.ServerGamePacketListenerImpl/]: Uskilla moved too quickly! 9.364725369941652,2.471536094971654,-3.535826732830685
[03Jan2025 01:44:55.639] [Server thread/WARN] [net.minecraft.server.MinecraftServer/]: Can't keep up! Is the server overloaded? Running 3623ms or 72 ticks behind
[03Jan2025 01:45:40.940] [Server thread/INFO] [net.minecraft.server.network.ServerGamePacketListenerImpl/]: Uskilla lost connection: Disconnected
[03Jan2025 01:45:40.940] [Server thread/INFO] [net.minecraft.server.MinecraftServer/]: Uskilla left the game
[03Jan2025 01:57:57.935] [Server thread/INFO] [net.minecraft.server.MinecraftServer/]: Unknown or incomplete command, see below for error
[03Jan2025 01:57:57.951] [Server thread/INFO] [net.minecraft.server.MinecraftServer/]: a<--[HERE]
[03Jan2025 01:58:11.702] [User Authenticator #9/INFO] [net.minecraft.server.network.ServerLoginPacketListenerImpl/]: UUID of player Uskilla is eaedaf0c-582b-4612-ace3-7005b8b564d1
[03Jan2025 01:58:20.058] [Server thread/INFO] [net.minecraft.server.players.PlayerList/]: Uskilla[/172.26.75.225:64000] logged in with entity id 74411 at (1183.2551669887018, 69.0, -163.13767421902506)
[03Jan2025 01:58:20.059] [Server thread/INFO] [ModdingLegacy/blue_skies/]: Sending ToolHandleTypeManager to Uskilla
[03Jan2025 01:58:20.059] [Server thread/INFO] [ModdingLegacy/blue_skies/]: Sending SnowcapOvenFreezingManager to Uskilla
[03Jan2025 01:58:20.060] [Server thread/INFO] [ModdingLegacy/blue_skies/]: Sending HorizoniteForgeFuelManager to Uskilla
[03Jan2025 01:58:20.060] [Server thread/INFO] [ModdingLegacy/blue_skies/]: Sending AlchemyRecipeManager to Uskilla
[03Jan2025 01:58:20.063] [Server thread/INFO] [ModdingLegacy/blue_skies/]: Sending JournalEntryManager to Uskilla
[03Jan2025 01:58:20.067] [Server thread/INFO] [ModdingLegacy/blue_skies/]: Sending JournalSectionManager to Uskilla
[03Jan2025 01:58:20.067] [Server thread/INFO] [ModdingLegacy/blue_skies/]: Sending JournalRequirementManager to Uskilla
[03Jan2025 01:58:20.095] [Server thread/INFO] [net.minecraft.server.MinecraftServer/]: Uskilla joined the game
[03Jan2025 01:58:20.117] [Server thread/INFO] [Jade/]: Syncing config to Uskilla (eaedaf0c-582b-4612-ace3-7005b8b564d1)
[03Jan2025 01:58:55.391] [User Authenticator #10/INFO] [net.minecraft.server.network.ServerLoginPacketListenerImpl/]: UUID of player jose_cl13 is bce4947b-f7ee-43e9-ad77-b8aac5d638fa
[03Jan2025 01:59:03.620] [Server thread/INFO] [net.minecraft.server.players.PlayerList/]: jose_cl13[/172.26.3.206:60787] logged in with entity id 75164 at (800.5, 64.0, -563.5)
[03Jan2025 01:59:03.621] [Server thread/INFO] [ModdingLegacy/blue_skies/]: Sending ToolHandleTypeManager to jose_cl13
[03Jan2025 01:59:03.621] [Server thread/INFO] [ModdingLegacy/blue_skies/]: Sending SnowcapOvenFreezingManager to jose_cl13
[03Jan2025 01:59:03.622] [Server thread/INFO] [ModdingLegacy/blue_skies/]: Sending HorizoniteForgeFuelManager to jose_cl13
[03Jan2025 01:59:03.622] [Server thread/INFO] [ModdingLegacy/blue_skies/]: Sending AlchemyRecipeManager to jose_cl13
[03Jan2025 01:59:03.624] [Server thread/INFO] [ModdingLegacy/blue_skies/]: Sending JournalEntryManager to jose_cl13
[03Jan2025 01:59:03.626] [Server thread/INFO] [ModdingLegacy/blue_skies/]: Sending JournalSectionManager to jose_cl13
[03Jan2025 01:59:03.626] [Server thread/INFO] [ModdingLegacy/blue_skies/]: Sending JournalRequirementManager to jose_cl13
[03Jan2025 01:59:03.642] [Server thread/INFO] [net.minecraft.server.MinecraftServer/]: jose_cl13 joined the game
[03Jan2025 01:59:03.707] [Server thread/INFO] [Jade/]: Syncing config to jose_cl13 (bce4947b-f7ee-43e9-ad77-b8aac5d638fa)
[03Jan2025 01:59:34.531] [Worker-Main-45/WARN] [net.minecraft.server.level.WorldGenRegion/]: Tried to access a block entity before it was created. MutableBlockPos{x=-1130, y=31, z=654}
[03Jan2025 01:59:34.532] [Worker-Main-45/WARN] [net.minecraft.server.level.WorldGenRegion/]: Tried to access a block entity before it was created. MutableBlockPos{x=-1129, y=31, z=654}
[03Jan2025 01:59:34.533] [Worker-Main-45/WARN] [net.minecraft.server.level.WorldGenRegion/]: Tried to access a block entity before it was created. MutableBlockPos{x=-1128, y=31, z=654}
[03Jan2025 01:59:38.176] [Server thread/ERROR] [net.minecraft.Util/]: POI data mismatch: already registered at BlockPos{x=-1116, y=-22, z=568}
[03Jan2025 01:59:38.177] [Server thread/ERROR] [net.minecraft.Util/]: POI data mismatch: already registered at BlockPos{x=-1118, y=-22, z=568}
[03Jan2025 02:00:01.504] [Server thread/INFO] [net.minecraft.server.MinecraftServer/]: <jose_cl13> te crees pendejo
[03Jan2025 02:00:16.628] [Server thread/ERROR] [net.minecraft.Util/]: POI data mismatch: already registered at BlockPos{x=-1094, y=-1, z=805}
[03Jan2025 02:00:16.628] [Server thread/ERROR] [net.minecraft.Util/]: POI data mismatch: already registered at BlockPos{x=-1094, y=-1, z=806}
[03Jan2025 02:00:18.182] [Server thread/ERROR] [net.minecraft.Util/]: POI data mismatch: already registered at BlockPos{x=-1181, y=-24, z=410}
[03Jan2025 02:00:29.864] [Server thread/ERROR] [net.minecraft.Util/]: POI data mismatch: already registered at BlockPos{x=-1283, y=-12, z=370}
[03Jan2025 02:00:30.482] [Server thread/ERROR] [net.minecraft.Util/]: POI data mismatch: already registered at BlockPos{x=-1135, y=38, z=377}
[03Jan2025 02:00:30.701] [Server thread/ERROR] [net.minecraft.Util/]: POI data mismatch: already registered at BlockPos{x=-1123, y=-48, z=375}
[03Jan2025 02:02:24.600] [Server thread/INFO] [net.minecraft.server.network.ServerGamePacketListenerImpl/]: jose_cl13 lost connection: Disconnected
[03Jan2025 02:02:24.601] [Server thread/INFO] [net.minecraft.server.MinecraftServer/]: jose_cl13 left the game
[03Jan2025 02:03:17.995] [User Authenticator #11/INFO] [net.minecraft.server.network.ServerLoginPacketListenerImpl/]: UUID of player jose_cl13 is bce4947b-f7ee-43e9-ad77-b8aac5d638fa
[03Jan2025 02:03:26.305] [Server thread/INFO] [net.minecraft.server.players.PlayerList/]: jose_cl13[/172.26.3.206:60938] logged in with entity id 77538 at (821.0293191030207, 64.0, -555.1563756789702)
[03Jan2025 02:03:26.305] [Server thread/INFO] [ModdingLegacy/blue_skies/]: Sending ToolHandleTypeManager to jose_cl13
[03Jan2025 02:03:26.306] [Server thread/INFO] [ModdingLegacy/blue_skies/]: Sending SnowcapOvenFreezingManager to jose_cl13
[03Jan2025 02:03:26.306] [Server thread/INFO] [ModdingLegacy/blue_skies/]: Sending HorizoniteForgeFuelManager to jose_cl13
[03Jan2025 02:03:26.306] [Server thread/INFO] [ModdingLegacy/blue_skies/]: Sending AlchemyRecipeManager to jose_cl13
[03Jan2025 02:03:26.308] [Server thread/INFO] [ModdingLegacy/blue_skies/]: Sending JournalEntryManager to jose_cl13
[03Jan2025 02:03:26.310] [Server thread/INFO] [ModdingLegacy/blue_skies/]: Sending JournalSectionManager to jose_cl13
[03Jan2025 02:03:26.310] [Server thread/INFO] [ModdingLegacy/blue_skies/]: Sending JournalRequirementManager to jose_cl13
[03Jan2025 02:03:26.323] [Server thread/INFO] [net.minecraft.server.MinecraftServer/]: jose_cl13 joined the game
[03Jan2025 02:03:26.405] [Server thread/INFO] [Jade/]: Syncing config to jose_cl13 (bce4947b-f7ee-43e9-ad77-b8aac5d638fa)
[03Jan2025 02:04:43.742] [Server thread/INFO] [net.minecraft.server.MinecraftServer/]: <jose_cl13> por ahi no tienen crotolamo_
[03Jan2025 02:05:02.511] [Server thread/INFO] [net.minecraft.server.MinecraftServer/]: <jose_cl13> ?
[03Jan2025 02:05:28.615] [Server thread/ERROR] [net.minecraft.Util/]: POI data mismatch: already registered at BlockPos{x=928, y=29, z=161}
[03Jan2025 02:12:03.611] [Server thread/INFO] [net.minecraft.server.MinecraftServer/]: jose_cl13 has made the advancement [Spooky Scary Skeleton]
[03Jan2025 02:19:18.490] [Server thread/INFO] [net.minecraft.server.MinecraftServer/]: jose_cl13 has completed the challenge [+PARRY]
[03Jan2025 02:20:53.307] [Server thread/INFO] [net.minecraft.server.MinecraftServer/]: jose_cl13 has reached the goal [Senior Summoner]
[03Jan2025 02:22:25.392] [Server thread/INFO] [net.minecraft.server.MinecraftServer/]: jose_cl13 has reached the goal [A Shower "Experience"]
[03Jan2025 02:29:52.582] [Server thread/INFO] [net.minecraft.server.MinecraftServer/]: <Lait_Estrok> mira mi vida
[03Jan2025 02:29:53.608] [Server thread/INFO] [net.minecraft.server.MinecraftServer/]: <jose_cl13> ?
[03Jan2025 02:29:54.465] [Server thread/INFO] [net.minecraft.server.MinecraftServer/]: <Lait_Estrok> y pegamoe
[03Jan2025 02:30:03.863] [Server thread/INFO] [net.minecraft.server.MinecraftServer/]: <Lait_Estrok> dnv
[03Jan2025 02:30:06.686] [Server thread/INFO] [net.minecraft.server.MinecraftServer/]: <jose_cl13> no entiendo
[03Jan2025 02:30:17.034] [Server thread/INFO] [net.minecraft.server.MinecraftServer/]: <Lait_Estrok> fue
[03Jan2025 02:30:17.832] [Server thread/INFO] [net.minecraft.server.MinecraftServer/]: <Lait_Estrok> xd
[03Jan2025 02:42:26.599] [Server thread/INFO] [net.minecraft.server.MinecraftServer/]: jose_cl13 has made the advancement [Eye Spy]
[03Jan2025 02:42:32.358] [Worker-Main-45/WARN] [net.minecraft.server.level.WorldGenRegion/]: Tried to access a block entity before it was created. MutableBlockPos{x=2031, y=-31, z=-1169}
[03Jan2025 02:51:30.027] [Server thread/INFO] [net.minecraft.server.MinecraftServer/]: jose_cl13 has made the advancement [The End?]
[03Jan2025 02:51:41.038] [Server thread/WARN] [net.minecraft.server.network.ServerGamePacketListenerImpl/]: jose_cl13 was kicked for floating too long!
[03Jan2025 02:51:41.089] [Server thread/INFO] [net.minecraft.server.network.ServerGamePacketListenerImpl/]: jose_cl13 lost connection: Flying is not enabled on this server
[03Jan2025 02:51:41.090] [Server thread/INFO] [net.minecraft.server.MinecraftServer/]: jose_cl13 left the game
[03Jan2025 02:53:56.877] [User Authenticator #12/INFO] [net.minecraft.server.network.ServerLoginPacketListenerImpl/]: UUID of player jose_cl13 is bce4947b-f7ee-43e9-ad77-b8aac5d638fa
[03Jan2025 02:54:05.210] [Server thread/INFO] [net.minecraft.server.players.PlayerList/]: jose_cl13[/172.26.3.206:62435] logged in with entity id 90905 at (55.6472131117343, 74.6559784777163, -7.655723511696129)
[03Jan2025 02:54:05.211] [Server thread/INFO] [ModdingLegacy/blue_skies/]: Sending ToolHandleTypeManager to jose_cl13
[03Jan2025 02:54:05.212] [Server thread/INFO] [ModdingLegacy/blue_skies/]: Sending SnowcapOvenFreezingManager to jose_cl13
[03Jan2025 02:54:05.213] [Server thread/INFO] [ModdingLegacy/blue_skies/]: Sending HorizoniteForgeFuelManager to jose_cl13
[03Jan2025 02:54:05.213] [Server thread/INFO] [ModdingLegacy/blue_skies/]: Sending AlchemyRecipeManager to jose_cl13
[03Jan2025 02:54:05.218] [Server thread/INFO] [ModdingLegacy/blue_skies/]: Sending JournalEntryManager to jose_cl13
[03Jan2025 02:54:05.223] [Server thread/INFO] [ModdingLegacy/blue_skies/]: Sending JournalSectionManager to jose_cl13
[03Jan2025 02:54:05.223] [Server thread/INFO] [ModdingLegacy/blue_skies/]: Sending JournalRequirementManager to jose_cl13
[03Jan2025 02:54:05.281] [Server thread/INFO] [net.minecraft.server.MinecraftServer/]: jose_cl13 joined the game
[03Jan2025 02:54:05.324] [Server thread/INFO] [Jade/]: Syncing config to jose_cl13 (bce4947b-f7ee-43e9-ad77-b8aac5d638fa)
[03Jan2025 02:54:24.692] [Server thread/WARN] [net.minecraft.server.network.ServerGamePacketListenerImpl/]: jose_cl13 was kicked for floating too long!
[03Jan2025 02:54:24.749] [Server thread/INFO] [net.minecraft.server.network.ServerGamePacketListenerImpl/]: jose_cl13 lost connection: Flying is not enabled on this server
[03Jan2025 02:54:24.749] [Server thread/INFO] [net.minecraft.server.MinecraftServer/]: jose_cl13 left the game
[03Jan2025 03:15:51.440] [Server thread/INFO] [net.minecraft.server.network.ServerLoginPacketListenerImpl/]: com.mojang.authlib.GameProfile@33c2632d[id=<null>,name=Aleslug,properties={},legacy=false] (/172.26.47.31:57972) lost connection: Disconnected
[03Jan2025 03:15:59.467] [User Authenticator #13/INFO] [net.minecraft.server.network.ServerLoginPacketListenerImpl/]: UUID of player Aleslug is 5c145a94-18c7-4fe8-b6d5-fe7e9a1de48c
[03Jan2025 03:16:07.720] [Server thread/INFO] [net.minecraft.server.players.PlayerList/]: Aleslug[/172.26.47.31:57981] logged in with entity id 94536 at (2047.8432260312015, 78.0, -662.2450388011833)
[03Jan2025 03:16:07.721] [Server thread/INFO] [ModdingLegacy/blue_skies/]: Sending ToolHandleTypeManager to Aleslug
[03Jan2025 03:16:07.721] [Server thread/INFO] [ModdingLegacy/blue_skies/]: Sending SnowcapOvenFreezingManager to Aleslug
[03Jan2025 03:16:07.722] [Server thread/INFO] [ModdingLegacy/blue_skies/]: Sending HorizoniteForgeFuelManager to Aleslug
[03Jan2025 03:16:07.722] [Server thread/INFO] [ModdingLegacy/blue_skies/]: Sending AlchemyRecipeManager to Aleslug
[03Jan2025 03:16:07.724] [Server thread/INFO] [ModdingLegacy/blue_skies/]: Sending JournalEntryManager to Aleslug
[03Jan2025 03:16:07.726] [Server thread/INFO] [ModdingLegacy/blue_skies/]: Sending JournalSectionManager to Aleslug
[03Jan2025 03:16:07.726] [Server thread/INFO] [ModdingLegacy/blue_skies/]: Sending JournalRequirementManager to Aleslug
[03Jan2025 03:16:07.747] [Server thread/INFO] [net.minecraft.server.MinecraftServer/]: Aleslug joined the game
[03Jan2025 03:16:07.764] [Server thread/INFO] [Jade/]: Syncing config to Aleslug (5c145a94-18c7-4fe8-b6d5-fe7e9a1de48c)
[03Jan2025 03:18:15.296] [Server thread/WARN] [net.minecraft.server.level.ServerPlayerGameMode/]: Mismatch in destroy block pos: BlockPos{x=2083, y=74, z=-713} BlockPos{x=2083, y=73, z=-713}
[03Jan2025 03:18:16.349] [Server thread/WARN] [net.minecraft.server.level.ServerPlayerGameMode/]: Mismatch in destroy block pos: BlockPos{x=2085, y=73, z=-713} BlockPos{x=2084, y=73, z=-714}
[03Jan2025 03:18:24.601] [Server thread/WARN] [net.minecraft.server.level.ServerPlayerGameMode/]: Mismatch in destroy block pos: BlockPos{x=2081, y=72, z=-710} BlockPos{x=2080, y=73, z=-710}
[03Jan2025 03:19:13.242] [Server thread/WARN] [net.minecraft.server.level.ServerPlayerGameMode/]: Mismatch in destroy block pos: BlockPos{x=2092, y=73, z=-717} BlockPos{x=2091, y=72, z=-718}
[03Jan2025 03:19:13.295] [Server thread/WARN] [net.minecraft.server.level.ServerPlayerGameMode/]: Mismatch in destroy block pos: BlockPos{x=2092, y=73, z=-717} BlockPos{x=2091, y=72, z=-718}
[03Jan2025 03:19:17.442] [Server thread/WARN] [net.minecraft.server.level.ServerPlayerGameMode/]: Mismatch in destroy block pos: BlockPos{x=2093, y=71, z=-720} BlockPos{x=2095, y=70, z=-719}
[03Jan2025 03:24:48.931] [Server thread/WARN] [net.minecraft.server.network.ServerGamePacketListenerImpl/]: Aleslug moved too quickly! -17.093073396579257,-4.089422352967844,4.922032692899052
[03Jan2025 03:30:54.135] [Server thread/INFO] [net.minecraft.server.MinecraftServer/]: <Lait_Estrok> intenta matarme
[03Jan2025 03:30:57.036] [Server thread/INFO] [net.minecraft.server.MinecraftServer/]: <Uskilla> xuumas
[03Jan2025 03:31:15.494] [Server thread/INFO] [net.minecraft.server.MinecraftServer/]: <Lait_Estrok> dala nomas
[03Jan2025 03:31:36.161] [Server thread/INFO] [net.minecraft.server.MinecraftServer/]: <Lait_Estrok> xd
[03Jan2025 03:32:02.014] [Server thread/INFO] [net.minecraft.server.MinecraftServer/]: <Lait_Estrok> estoyu durisimo
[03Jan2025 03:48:37.585] [Server thread/INFO] [net.minecraft.server.network.ServerGamePacketListenerImpl/]: Uskilla lost connection: Disconnected
[03Jan2025 03:48:37.585] [Server thread/INFO] [net.minecraft.server.MinecraftServer/]: Uskilla left the game
[03Jan2025 03:52:12.740] [Server thread/INFO] [net.minecraft.server.network.ServerGamePacketListenerImpl/]: Aleslug lost connection: Disconnected
[03Jan2025 03:52:12.740] [Server thread/INFO] [net.minecraft.server.MinecraftServer/]: Aleslug left the game
[03Jan2025 04:00:31.423] [Server thread/INFO] [net.minecraft.server.MinecraftServer/]: Lait_Estrok has made the advancement [Never ask a mage what's in their bag]
[03Jan2025 04:16:11.027] [Server thread/INFO] [net.minecraft.server.MinecraftServer/]: Lait_Estrok has made the advancement [The way of Earth]
[03Jan2025 04:18:23.132] [Server thread/INFO] [net.minecraft.server.MinecraftServer/]: Lait_Estrok has completed the challenge [Master of Earth]
[03Jan2025 04:29:55.229] [Server thread/INFO] [net.minecraft.server.network.ServerGamePacketListenerImpl/]: Lait_Estrok lost connection: Disconnected
[03Jan2025 04:29:55.230] [Server thread/INFO] [net.minecraft.server.MinecraftServer/]: Lait_Estrok left the game
[03Jan2025 04:40:33.216] [Server thread/INFO] [net.minecraft.server.MinecraftServer/]: Unknown or incomplete command, see below for error
[03Jan2025 04:40:33.217] [Server thread/INFO] [net.minecraft.server.MinecraftServer/]: a<--[HERE]
[03Jan2025 04:40:57.167] [Server thread/INFO] [net.minecraft.server.MinecraftServer/]: Stopping the server
[03Jan2025 04:40:57.218] [Server thread/INFO] [net.minecraft.server.MinecraftServer/]: Stopping server
[03Jan2025 04:40:57.219] [Server thread/INFO] [net.minecraft.server.MinecraftServer/]: Saving players
[03Jan2025 04:40:57.219] [Server thread/INFO] [net.minecraft.server.MinecraftServer/]: Saving worlds
[03Jan2025 04:40:57.305] [Server thread/INFO] [net.minecraft.server.MinecraftServer/]: Saving chunks for level 'ServerLevel[world]'/minecraft:overworld
[03Jan2025 04:40:57.422] [Server thread/INFO] [net.minecraft.server.MinecraftServer/]: Saving chunks for level 'ServerLevel[world]'/blue_skies:everdawn
[03Jan2025 04:40:57.423] [Server thread/INFO] [net.minecraft.server.MinecraftServer/]: Saving chunks for level 'ServerLevel[world]'/aether:the_aether
[03Jan2025 04:40:57.424] [Server thread/INFO] [net.minecraft.server.MinecraftServer/]: Saving chunks for level 'ServerLevel[world]'/ad_astra:mercury_orbit
[03Jan2025 04:40:57.425] [Server thread/INFO] [net.minecraft.server.MinecraftServer/]: Saving chunks for level 'ServerLevel[world]'/the_bumblezone:the_bumblezone
[03Jan2025 04:40:57.425] [Server thread/INFO] [net.minecraft.server.MinecraftServer/]: Saving chunks for level 'ServerLevel[world]'/ad_astra:glacio_orbit
[03Jan2025 04:40:57.426] [Server thread/INFO] [net.minecraft.server.MinecraftServer/]: Saving chunks for level 'ServerLevel[world]'/ad_astra:mars_orbit
[03Jan2025 04:40:57.427] [Server thread/INFO] [net.minecraft.server.MinecraftServer/]: Saving chunks for level 'ServerLevel[world]'/minecraft:the_nether
[03Jan2025 04:40:57.430] [Server thread/INFO] [net.minecraft.server.MinecraftServer/]: Saving chunks for level 'ServerLevel[world]'/doom:doom_hell
[03Jan2025 04:40:57.431] [Server thread/INFO] [net.minecraft.server.MinecraftServer/]: Saving chunks for level 'ServerLevel[world]'/ad_astra:glacio
[03Jan2025 04:40:57.432] [Server thread/INFO] [net.minecraft.server.MinecraftServer/]: Saving chunks for level 'ServerLevel[world]'/ad_astra:venus_orbit
[03Jan2025 04:40:57.432] [Server thread/INFO] [net.minecraft.server.MinecraftServer/]: Saving chunks for level 'ServerLevel[world]'/graveyard:past
[03Jan2025 04:40:57.433] [Server thread/INFO] [net.minecraft.server.MinecraftServer/]: Saving chunks for level 'ServerLevel[world]'/ad_astra:mercury
[03Jan2025 04:40:57.434] [Server thread/INFO] [net.minecraft.server.MinecraftServer/]: Saving chunks for level 'ServerLevel[world]'/minecraft:the_end
[03Jan2025 04:40:57.437] [Server thread/INFO] [net.minecraft.server.MinecraftServer/]: Saving chunks for level 'ServerLevel[world]'/ad_astra:moon
[03Jan2025 04:40:57.438] [Server thread/INFO] [net.minecraft.server.MinecraftServer/]: Saving chunks for level 'ServerLevel[world]'/ad_astra:venus
[03Jan2025 04:40:57.439] [Server thread/INFO] [net.minecraft.server.MinecraftServer/]: Saving chunks for level 'ServerLevel[world]'/ad_astra:mars
[03Jan2025 04:40:57.440] [Server thread/INFO] [net.minecraft.server.MinecraftServer/]: Saving chunks for level 'ServerLevel[world]'/ad_astra:moon_orbit
[03Jan2025 04:40:57.440] [Server thread/INFO] [net.minecraft.server.MinecraftServer/]: Saving chunks for level 'ServerLevel[world]'/blue_skies:everbright
[03Jan2025 04:40:57.441] [Server thread/INFO] [net.minecraft.server.MinecraftServer/]: Saving chunks for level 'ServerLevel[world]'/ad_astra:earth_orbit
[03Jan2025 04:40:57.577] [Server thread/INFO] [net.minecraft.server.MinecraftServer/]: ThreadedAnvilChunkStorage (world): All chunks are saved
[03Jan2025 04:40:57.577] [Server thread/INFO] [net.minecraft.server.MinecraftServer/]: ThreadedAnvilChunkStorage (everdawn): All chunks are saved
[03Jan2025 04:40:57.577] [Server thread/INFO] [net.minecraft.server.MinecraftServer/]: ThreadedAnvilChunkStorage (the_aether): All chunks are saved
[03Jan2025 04:40:57.577] [Server thread/INFO] [net.minecraft.server.MinecraftServer/]: ThreadedAnvilChunkStorage (mercury_orbit): All chunks are saved
[03Jan2025 04:40:57.577] [Server thread/INFO] [net.minecraft.server.MinecraftServer/]: ThreadedAnvilChunkStorage (the_bumblezone): All chunks are saved
[03Jan2025 04:40:57.577] [Server thread/INFO] [net.minecraft.server.MinecraftServer/]: ThreadedAnvilChunkStorage (glacio_orbit): All chunks are saved
[03Jan2025 04:40:57.577] [Server thread/INFO] [net.minecraft.server.MinecraftServer/]: ThreadedAnvilChunkStorage (mars_orbit): All chunks are saved
[03Jan2025 04:40:57.577] [Server thread/INFO] [net.minecraft.server.MinecraftServer/]: ThreadedAnvilChunkStorage (DIM-1): All chunks are saved
[03Jan2025 04:40:57.577] [Server thread/INFO] [net.minecraft.server.MinecraftServer/]: ThreadedAnvilChunkStorage (doom_hell): All chunks are saved
[03Jan2025 04:40:57.577] [Server thread/INFO] [net.minecraft.server.MinecraftServer/]: ThreadedAnvilChunkStorage (glacio): All chunks are saved
[03Jan2025 04:40:57.578] [Server thread/INFO] [net.minecraft.server.MinecraftServer/]: ThreadedAnvilChunkStorage (venus_orbit): All chunks are saved
[03Jan2025 04:40:57.578] [Server thread/INFO] [net.minecraft.server.MinecraftServer/]: ThreadedAnvilChunkStorage (past): All chunks are saved
[03Jan2025 04:40:57.578] [Server thread/INFO] [net.minecraft.server.MinecraftServer/]: ThreadedAnvilChunkStorage (mercury): All chunks are saved
[03Jan2025 04:40:57.578] [Server thread/INFO] [net.minecraft.server.MinecraftServer/]: ThreadedAnvilChunkStorage (DIM1): All chunks are saved
[03Jan2025 04:40:57.578] [Server thread/INFO] [net.minecraft.server.MinecraftServer/]: ThreadedAnvilChunkStorage (moon): All chunks are saved
[03Jan2025 04:40:57.578] [Server thread/INFO] [net.minecraft.server.MinecraftServer/]: ThreadedAnvilChunkStorage (venus): All chunks are saved
[03Jan2025 04:40:57.578] [Server thread/INFO] [net.minecraft.server.MinecraftServer/]: ThreadedAnvilChunkStorage (mars): All chunks are saved
[03Jan2025 04:40:57.578] [Server thread/INFO] [net.minecraft.server.MinecraftServer/]: ThreadedAnvilChunkStorage (moon_orbit): All chunks are saved
[03Jan2025 04:40:57.578] [Server thread/INFO] [net.minecraft.server.MinecraftServer/]: ThreadedAnvilChunkStorage (everbright): All chunks are saved
[03Jan2025 04:40:57.578] [Server thread/INFO] [net.minecraft.server.MinecraftServer/]: ThreadedAnvilChunkStorage (earth_orbit): All chunks are saved
[03Jan2025 04:40:57.578] [Server thread/INFO] [net.minecraft.server.MinecraftServer/]: ThreadedAnvilChunkStorage: All dimensions are saved
